{"C:\\Users\\Gabe\\Desktop\\CloneAppSummer2021\\Mongo\\Professors.js": {"path":"C:\\Users\\Gabe\\Desktop\\CloneAppSummer2021\\Mongo\\Professors.js","statementMap":{"0":{"start":{"line":1,"column":21},"end":{"line":1,"column":39}},"1":{"start":{"line":2,"column":23},"end":{"line":2,"column":41}},"2":{"start":{"line":3,"column":27},"end":{"line":3,"column":46}},"3":{"start":{"line":5,"column":20},"end":{"line":14,"column":2}},"4":{"start":{"line":16,"column":22},"end":{"line":32,"column":1}},"5":{"start":{"line":34,"column":24},"end":{"line":68,"column":1}},"6":{"start":{"line":70,"column":0},"end":{"line":70,"column":79}}},"fnMap":{},"branchMap":{},"s":{"0":1,"1":1,"2":1,"3":1,"4":1,"5":1,"6":1},"f":{},"b":{},"_coverageSchema":"1a1c01bbd47fc00a2c39e90264f33305004495a9","hash":"d1c7acd40512b4400a4957f82ca4cc154cbe5dc9"}
,"C:\\Users\\Gabe\\Desktop\\CloneAppSummer2021\\Mongo\\TestProfessors.js": {"path":"C:\\Users\\Gabe\\Desktop\\CloneAppSummer2021\\Mongo\\TestProfessors.js","statementMap":{"0":{"start":{"line":1,"column":21},"end":{"line":1,"column":39}},"1":{"start":{"line":2,"column":21},"end":{"line":2,"column":39}},"2":{"start":{"line":3,"column":23},"end":{"line":3,"column":41}},"3":{"start":{"line":4,"column":27},"end":{"line":4,"column":46}},"4":{"start":{"line":6,"column":20},"end":{"line":18,"column":2}},"5":{"start":{"line":20,"column":22},"end":{"line":41,"column":1}},"6":{"start":{"line":43,"column":28},"end":{"line":92,"column":1}},"7":{"start":{"line":94,"column":0},"end":{"line":94,"column":96}}},"fnMap":{},"branchMap":{},"s":{"0":1,"1":1,"2":1,"3":1,"4":1,"5":1,"6":1,"7":1},"f":{},"b":{},"_coverageSchema":"1a1c01bbd47fc00a2c39e90264f33305004495a9","hash":"0521dd119ed519aea64cc2c3446eefb592eb2335"}
,"C:\\Users\\Gabe\\Desktop\\CloneAppSummer2021\\Routes\\API\\professors.js": {"path":"C:\\Users\\Gabe\\Desktop\\CloneAppSummer2021\\Routes\\API\\professors.js","statementMap":{"0":{"start":{"line":1,"column":16},"end":{"line":1,"column":34}},"1":{"start":{"line":2,"column":19},"end":{"line":2,"column":52}},"2":{"start":{"line":3,"column":15},"end":{"line":3,"column":31}},"3":{"start":{"line":6,"column":18},"end":{"line":6,"column":51}},"4":{"start":{"line":11,"column":0},"end":{"line":16,"column":3}},"5":{"start":{"line":12,"column":4},"end":{"line":15,"column":10}},"6":{"start":{"line":14,"column":12},"end":{"line":14,"column":32}},"7":{"start":{"line":18,"column":0},"end":{"line":18,"column":24}}},"fnMap":{"0":{"name":"(anonymous_0)","decl":{"start":{"line":11,"column":16},"end":{"line":11,"column":17}},"loc":{"start":{"line":11,"column":30},"end":{"line":16,"column":1}},"line":11},"1":{"name":"(anonymous_1)","decl":{"start":{"line":13,"column":14},"end":{"line":13,"column":15}},"loc":{"start":{"line":13,"column":28},"end":{"line":15,"column":9}},"line":13}},"branchMap":{},"s":{"0":1,"1":1,"2":1,"3":1,"4":1,"5":0,"6":0,"7":1},"f":{"0":0,"1":0},"b":{},"_coverageSchema":"1a1c01bbd47fc00a2c39e90264f33305004495a9","hash":"e83430854ea1c22372cedd48d2415277cc8337e2"}
,"C:\\Users\\Gabe\\Desktop\\CloneAppSummer2021\\Routes\\API\\test_prof.js": {"path":"C:\\Users\\Gabe\\Desktop\\CloneAppSummer2021\\Routes\\API\\test_prof.js","statementMap":{"0":{"start":{"line":1,"column":16},"end":{"line":1,"column":34}},"1":{"start":{"line":3,"column":15},"end":{"line":3,"column":31}},"2":{"start":{"line":4,"column":17},"end":{"line":4,"column":36}},"3":{"start":{"line":5,"column":23},"end":{"line":5,"column":60}},"4":{"start":{"line":8,"column":22},"end":{"line":8,"column":59}},"5":{"start":{"line":13,"column":0},"end":{"line":40,"column":3}},"6":{"start":{"line":14,"column":4},"end":{"line":39,"column":5}},"7":{"start":{"line":15,"column":22},"end":{"line":15,"column":73}},"8":{"start":{"line":17,"column":8},"end":{"line":32,"column":9}},"9":{"start":{"line":18,"column":12},"end":{"line":23,"column":18}},"10":{"start":{"line":21,"column":20},"end":{"line":21,"column":36}},"11":{"start":{"line":22,"column":20},"end":{"line":22,"column":44}},"12":{"start":{"line":26,"column":12},"end":{"line":26,"column":28}},"13":{"start":{"line":27,"column":12},"end":{"line":31,"column":14}},"14":{"start":{"line":34,"column":8},"end":{"line":34,"column":24}},"15":{"start":{"line":35,"column":8},"end":{"line":38,"column":11}},"16":{"start":{"line":46,"column":0},"end":{"line":63,"column":3}},"17":{"start":{"line":47,"column":15},"end":{"line":47,"column":28}},"18":{"start":{"line":49,"column":4},"end":{"line":61,"column":5}},"19":{"start":{"line":50,"column":30},"end":{"line":50,"column":69}},"20":{"start":{"line":51,"column":8},"end":{"line":55,"column":11}},"21":{"start":{"line":51,"column":26},"end":{"line":51,"column":62}},"22":{"start":{"line":52,"column":13},"end":{"line":55,"column":11}},"23":{"start":{"line":57,"column":8},"end":{"line":60,"column":11}},"24":{"start":{"line":68,"column":0},"end":{"line":79,"column":3}},"25":{"start":{"line":69,"column":40},"end":{"line":69,"column":48}},"26":{"start":{"line":70,"column":22},"end":{"line":70,"column":68}},"27":{"start":{"line":71,"column":4},"end":{"line":78,"column":5}},"28":{"start":{"line":72,"column":20},"end":{"line":72,"column":42}},"29":{"start":{"line":73,"column":8},"end":{"line":73,"column":24}},"30":{"start":{"line":74,"column":8},"end":{"line":74,"column":22}},"31":{"start":{"line":76,"column":8},"end":{"line":76,"column":24}},"32":{"start":{"line":77,"column":8},"end":{"line":77,"column":20}},"33":{"start":{"line":84,"column":0},"end":{"line":90,"column":3}},"34":{"start":{"line":85,"column":15},"end":{"line":85,"column":28}},"35":{"start":{"line":86,"column":33},"end":{"line":86,"column":41}},"36":{"start":{"line":87,"column":30},"end":{"line":87,"column":104}},"37":{"start":{"line":88,"column":4},"end":{"line":88,"column":20}},"38":{"start":{"line":89,"column":4},"end":{"line":89,"column":32}},"39":{"start":{"line":95,"column":0},"end":{"line":106,"column":3}},"40":{"start":{"line":96,"column":15},"end":{"line":96,"column":28}},"41":{"start":{"line":97,"column":29},"end":{"line":97,"column":76}},"42":{"start":{"line":98,"column":18},"end":{"line":98,"column":69}},"43":{"start":{"line":99,"column":4},"end":{"line":99,"column":20}},"44":{"start":{"line":100,"column":4},"end":{"line":105,"column":7}},"45":{"start":{"line":110,"column":0},"end":{"line":110,"column":24}}},"fnMap":{"0":{"name":"(anonymous_0)","decl":{"start":{"line":13,"column":16},"end":{"line":13,"column":17}},"loc":{"start":{"line":13,"column":36},"end":{"line":40,"column":1}},"line":13},"1":{"name":"(anonymous_1)","decl":{"start":{"line":20,"column":22},"end":{"line":20,"column":23}},"loc":{"start":{"line":20,"column":40},"end":{"line":23,"column":17}},"line":20},"2":{"name":"(anonymous_2)","decl":{"start":{"line":46,"column":19},"end":{"line":46,"column":20}},"loc":{"start":{"line":46,"column":38},"end":{"line":63,"column":1}},"line":46},"3":{"name":"(anonymous_3)","decl":{"start":{"line":68,"column":17},"end":{"line":68,"column":18}},"loc":{"start":{"line":68,"column":37},"end":{"line":79,"column":1}},"line":68},"4":{"name":"(anonymous_4)","decl":{"start":{"line":84,"column":20},"end":{"line":84,"column":21}},"loc":{"start":{"line":84,"column":39},"end":{"line":90,"column":1}},"line":84},"5":{"name":"(anonymous_5)","decl":{"start":{"line":95,"column":22},"end":{"line":95,"column":23}},"loc":{"start":{"line":95,"column":40},"end":{"line":106,"column":1}},"line":95}},"branchMap":{"0":{"loc":{"start":{"line":17,"column":8},"end":{"line":32,"column":9}},"type":"if","locations":[{"start":{"line":17,"column":8},"end":{"line":32,"column":9}},{"start":{"line":17,"column":8},"end":{"line":32,"column":9}}],"line":17},"1":{"loc":{"start":{"line":51,"column":8},"end":{"line":55,"column":11}},"type":"if","locations":[{"start":{"line":51,"column":8},"end":{"line":55,"column":11}},{"start":{"line":51,"column":8},"end":{"line":55,"column":11}}],"line":51}},"s":{"0":1,"1":1,"2":1,"3":1,"4":1,"5":1,"6":2,"7":2,"8":2,"9":1,"10":1,"11":1,"12":1,"13":1,"14":0,"15":0,"16":1,"17":2,"18":2,"19":2,"20":2,"21":1,"22":1,"23":0,"24":1,"25":20,"26":20,"27":20,"28":20,"29":15,"30":15,"31":5,"32":5,"33":1,"34":1,"35":1,"36":1,"37":1,"38":1,"39":1,"40":1,"41":1,"42":1,"43":1,"44":1,"45":1},"f":{"0":2,"1":1,"2":2,"3":20,"4":1,"5":1},"b":{"0":[1,1],"1":[1,1]},"_coverageSchema":"1a1c01bbd47fc00a2c39e90264f33305004495a9","hash":"1f1ab2c489272dc638964087be04821a52997c1f"}
,"C:\\Users\\Gabe\\Desktop\\CloneAppSummer2021\\Server\\app.js": {"path":"C:\\Users\\Gabe\\Desktop\\CloneAppSummer2021\\Server\\app.js","statementMap":{"0":{"start":{"line":2,"column":16},"end":{"line":2,"column":34}},"1":{"start":{"line":3,"column":12},"end":{"line":3,"column":21}},"2":{"start":{"line":6,"column":22},"end":{"line":6,"column":57}},"3":{"start":{"line":7,"column":16},"end":{"line":7,"column":50}},"4":{"start":{"line":9,"column":0},"end":{"line":9,"column":30}},"5":{"start":{"line":10,"column":0},"end":{"line":10,"column":24}},"6":{"start":{"line":13,"column":0},"end":{"line":13,"column":38}},"7":{"start":{"line":14,"column":0},"end":{"line":14,"column":26}},"8":{"start":{"line":17,"column":0},"end":{"line":19,"column":3}},"9":{"start":{"line":18,"column":4},"end":{"line":18,"column":48}},"10":{"start":{"line":23,"column":0},"end":{"line":23,"column":21}}},"fnMap":{"0":{"name":"(anonymous_0)","decl":{"start":{"line":17,"column":13},"end":{"line":17,"column":14}},"loc":{"start":{"line":17,"column":26},"end":{"line":19,"column":1}},"line":17}},"branchMap":{},"s":{"0":1,"1":1,"2":1,"3":1,"4":1,"5":1,"6":1,"7":1,"8":1,"9":1,"10":1},"f":{"0":1},"b":{},"_coverageSchema":"1a1c01bbd47fc00a2c39e90264f33305004495a9","hash":"025d5e742da1bdf2b6102f3903b82d7be28fcd12"}
}
