TN:
SF:Mongo\Professors.js
FNF:0
FNH:0
DA:1,1
DA:2,1
DA:3,1
DA:5,1
DA:16,1
DA:34,1
DA:70,1
LF:7
LH:7
BRF:0
BRH:0
end_of_record
TN:
SF:Mongo\TestProfessors.js
FNF:0
FNH:0
DA:1,1
DA:2,1
DA:3,1
DA:4,1
DA:6,1
DA:20,1
DA:43,1
DA:94,1
LF:8
LH:8
BRF:0
BRH:0
end_of_record
TN:
SF:Routes\API\professors.js
FN:11,(anonymous_0)
FN:13,(anonymous_1)
FNF:2
FNH:0
FNDA:0,(anonymous_0)
FNDA:0,(anonymous_1)
DA:1,1
DA:2,1
DA:3,1
DA:6,1
DA:11,1
DA:12,0
DA:14,0
DA:18,1
LF:8
LH:6
BRF:0
BRH:0
end_of_record
TN:
SF:Routes\API\test_prof.js
FN:13,(anonymous_0)
FN:20,(anonymous_1)
FN:46,(anonymous_2)
FN:68,(anonymous_3)
FN:84,(anonymous_4)
FN:95,(anonymous_5)
FNF:6
FNH:6
FNDA:2,(anonymous_0)
FNDA:1,(anonymous_1)
FNDA:2,(anonymous_2)
FNDA:20,(anonymous_3)
FNDA:1,(anonymous_4)
FNDA:1,(anonymous_5)
DA:1,1
DA:3,1
DA:4,1
DA:5,1
DA:8,1
DA:13,1
DA:14,2
DA:15,2
DA:17,2
DA:18,1
DA:21,1
DA:22,1
DA:26,1
DA:27,1
DA:34,0
DA:35,0
DA:46,1
DA:47,2
DA:49,2
DA:50,2
DA:51,2
DA:52,1
DA:57,0
DA:68,1
DA:69,20
DA:70,20
DA:71,20
DA:72,20
DA:73,15
DA:74,15
DA:76,5
DA:77,5
DA:84,1
DA:85,1
DA:86,1
DA:87,1
DA:88,1
DA:89,1
DA:95,1
DA:96,1
DA:97,1
DA:98,1
DA:99,1
DA:100,1
DA:110,1
LF:45
LH:42
BRDA:17,0,0,1
BRDA:17,0,1,1
BRDA:51,1,0,1
BRDA:51,1,1,1
BRF:4
BRH:4
end_of_record
TN:
SF:Server\app.js
FN:17,(anonymous_0)
FNF:1
FNH:1
FNDA:1,(anonymous_0)
DA:2,1
DA:3,1
DA:6,1
DA:7,1
DA:9,1
DA:10,1
DA:13,1
DA:14,1
DA:17,1
DA:18,1
DA:23,1
LF:11
LH:11
BRF:0
BRH:0
end_of_record
